0 info it worked if it ends with ok
1 verbose cli [ '/usr/bin/nodejs', '/usr/bin/npm', 'install', 'now' ]
2 info using npm@1.3.10
3 info using node@v0.10.25
4 warn package.json doodle@1.0.0 No description
5 warn package.json doodle@1.0.0 No repository field.
6 warn package.json doodle@1.0.0 No README data
7 verbose readDependencies using package.json deps
8 verbose cache add [ 'now', null ]
9 verbose cache add name=undefined spec="now" args=["now",null]
10 verbose parsed url { protocol: null,
10 verbose parsed url   slashes: null,
10 verbose parsed url   auth: null,
10 verbose parsed url   host: null,
10 verbose parsed url   port: null,
10 verbose parsed url   hostname: null,
10 verbose parsed url   hash: null,
10 verbose parsed url   search: null,
10 verbose parsed url   query: null,
10 verbose parsed url   pathname: 'now',
10 verbose parsed url   path: 'now',
10 verbose parsed url   href: 'now' }
11 silly lockFile c9bc849a-now now
12 verbose lock now /home/cabox/.npm/c9bc849a-now.lock
13 silly lockFile c9bc849a-now now
14 silly lockFile c9bc849a-now now
15 verbose addNamed [ 'now', '' ]
16 verbose addNamed [ null, '*' ]
17 silly lockFile 1193e862-now now@
18 verbose lock now@ /home/cabox/.npm/1193e862-now.lock
19 silly addNameRange { name: 'now', range: '*', hasData: false }
20 verbose url raw now
21 verbose url resolving [ 'https://registry.npmjs.org/', './now' ]
22 verbose url resolved https://registry.npmjs.org/now
23 info trying registry request attempt 1 at 17:47:20
24 http GET https://registry.npmjs.org/now
25 http 200 https://registry.npmjs.org/now
26 silly registry.get cb [ 200,
26 silly registry.get   { date: 'Sun, 10 Jun 2018 21:47:20 GMT',
26 silly registry.get     'content-type': 'application/json; charset=UTF-8',
26 silly registry.get     'content-length': '1906062',
26 silly registry.get     connection: 'keep-alive',
26 silly registry.get     'set-cookie': [ '__cfduid=d2841693bf10016d059125d7b0ce11df61528667240; expires=Mon, 10-Jun-19 21:47:20 GMT; path=/; domain=.registry.npmjs.org; HttpOnly' ],
26 silly registry.get     'accept-ranges': 'bytes',
26 silly registry.get     'cache-control': 'max-age=300',
26 silly registry.get     'cf-cache-status': 'HIT',
26 silly registry.get     'cf-ray': '428f092d5c1e9b62-DFW',
26 silly registry.get     etag: '"92e791aebcb0486a28ff05e4ba8811ba"',
26 silly registry.get     'expect-ct': 'max-age=604800, report-uri="https://report-uri.cloudflare.com/cdn-cgi/beacon/expect-ct"',
26 silly registry.get     'last-modified': 'Thu, 07 Jun 2018 21:54:15 GMT',
26 silly registry.get     vary: 'accept-encoding, accept',
26 silly registry.get     server: 'cloudflare' } ]
27 silly addNameRange number 2 { name: 'now', range: '*', hasData: true }
28 silly addNameRange versions [ 'now',
28 silly addNameRange   [ '0.2.0',
28 silly addNameRange     '0.2.1',
28 silly addNameRange     '0.2.2',
28 silly addNameRange     '0.2.3',
28 silly addNameRange     '0.2.4',
28 silly addNameRange     '0.3.0',
28 silly addNameRange     '0.3.1',
28 silly addNameRange     '0.3.2',
28 silly addNameRange     '0.5.0',
28 silly addNameRange     '0.5.1',
28 silly addNameRange     '0.5.2',
28 silly addNameRange     '0.5.3',
28 silly addNameRange     '0.6.0',
28 silly addNameRange     '0.6.1',
28 silly addNameRange     '0.7.0',
28 silly addNameRange     '0.7.1',
28 silly addNameRange     '0.7.2',
28 silly addNameRange     '0.7.3',
28 silly addNameRange     '0.7.4',
28 silly addNameRange     '0.7.5',
28 silly addNameRange     '0.7.6',
28 silly addNameRange     '0.8.0',
28 silly addNameRange     '0.8.1',
28 silly addNameRange     '0.9.0',
28 silly addNameRange     '0.9.1',
28 silly addNameRange     '0.9.2',
28 silly addNameRange     '0.9.3',
28 silly addNameRange     '0.9.4',
28 silly addNameRange     '0.9.5',
28 silly addNameRange     '0.9.6',
28 silly addNameRange     '0.9.7',
28 silly addNameRange     '0.9.8',
28 silly addNameRange     '0.9.9',
28 silly addNameRange     '0.9.10',
28 silly addNameRange     '0.9.11',
28 silly addNameRange     '0.9.12',
28 silly addNameRange     '0.9.13',
28 silly addNameRange     '0.9.14',
28 silly addNameRange     '0.9.15',
28 silly addNameRange     '0.9.16',
28 silly addNameRange     '0.9.17',
28 silly addNameRange     '0.9.18',
28 silly addNameRange     '0.9.19',
28 silly addNameRange     '0.10.0',
28 silly addNameRange     '0.10.1',
28 silly addNameRange     '0.10.2',
28 silly addNameRange     '0.11.0',
28 silly addNameRange     '0.12.0',
28 silly addNameRange     '0.13.0',
28 silly addNameRange     '0.13.1',
28 silly addNameRange     '0.13.2',
28 silly addNameRange     '0.13.3',
28 silly addNameRange     '0.14.0',
28 silly addNameRange     '0.14.1',
28 silly addNameRange     '0.14.2',
28 silly addNameRange     '0.14.3',
28 silly addNameRange     '0.14.4',
28 silly addNameRange     '0.15.0',
28 silly addNameRange     '0.16.0',
28 silly addNameRange     '0.17.0',
28 silly addNameRange     '0.17.1',
28 silly addNameRange     '0.18.0',
28 silly addNameRange     '0.18.1',
28 silly addNameRange     '0.19.0',
28 silly addNameRange     '0.20.0',
28 silly addNameRange     '0.21.0',
28 silly addNameRange     '0.21.1',
28 silly addNameRange     '0.22.0',
28 silly addNameRange     '0.23.0',
28 silly addNameRange     '0.23.1',
28 silly addNameRange     '0.24.0',
28 silly addNameRange     '0.24.1',
28 silly addNameRange     '0.25.0',
28 silly addNameRange     '0.25.1',
28 silly addNameRange     '0.26.0',
28 silly addNameRange     '0.27.0',
28 silly addNameRange     '0.28.0',
28 silly addNameRange     '0.28.1',
28 silly addNameRange     '0.29.0',
28 silly addNameRange     '0.29.1',
28 silly addNameRange     '0.30.0',
28 silly addNameRange     '0.31.0',
28 silly addNameRange     '0.32.0',
28 silly addNameRange     '0.33.0',
28 silly addNameRange     '0.33.1',
28 silly addNameRange     '0.33.2',
28 silly addNameRange     '0.34.0',
28 silly addNameRange     '0.34.1',
28 silly addNameRange     '0.35.0',
28 silly addNameRange     '0.36.0',
28 silly addNameRange     '0.36.1',
28 silly addNameRange     '0.36.2',
28 silly addNameRange     '0.37.0',
28 silly addNameRange     '0.37.1',
28 silly addNameRange     '0.38.0',
28 silly addNameRange     '0.39.0',
28 silly addNameRange     '0.39.1',
28 silly addNameRange     '1.0.0',
28 silly addNameRange     '2.0.0',
28 silly addNameRange     '2.0.1',
28 silly addNameRange     '2.0.2',
28 silly addNameRange     '2.0.3',
28 silly addNameRange     '2.0.5',
28 silly addNameRange     '3.0.0',
28 silly addNameRange     '3.0.1',
28 silly addNameRange     '3.1.0',
28 silly addNameRange     '3.1.1',
28 silly addNameRange     '3.1.2',
28 silly addNameRange     '4.0.0',
28 silly addNameRange     '4.0.1',
28 silly addNameRange     '4.1.0',
28 silly addNameRange     '4.1.1',
28 silly addNameRange     '4.1.2',
28 silly addNameRange     '4.2.0',
28 silly addNameRange     '4.2.1',
28 silly addNameRange     '4.2.2',
28 silly addNameRange     '4.3.0',
28 silly addNameRange     '4.4.0',
28 silly addNameRange     '4.4.1',
28 silly addNameRange     '4.4.2',
28 silly addNameRange     '4.5.0',
28 silly addNameRange     '4.5.1',
28 silly addNameRange     '4.5.2',
28 silly addNameRange     '4.5.3',
28 silly addNameRange     '4.5.4',
28 silly addNameRange     '4.5.5',
28 silly addNameRange     '4.5.6',
28 silly addNameRange     '4.5.7',
28 silly addNameRange     '4.5.8',
28 silly addNameRange     '4.6.0',
28 silly addNameRange     '4.6.1',
28 silly addNameRange     '4.7.0',
28 silly addNameRange     '4.7.1',
28 silly addNameRange     '4.8.0',
28 silly addNameRange     '4.8.1',
28 silly addNameRange     '4.9.0',
28 silly addNameRange     '4.10.0',
28 silly addNameRange     '4.10.1',
28 silly addNameRange     '4.10.2',
28 silly addNameRange     '4.10.3',
28 silly addNameRange     '4.11.0',
28 silly addNameRange     '4.11.1',
28 silly addNameRange     '4.11.2',
28 silly addNameRange     '5.0.0',
28 silly addNameRange     '5.1.0',
28 silly addNameRange     '5.1.1',
28 silly addNameRange     '5.1.2',
28 silly addNameRange     '5.2.0',
28 silly addNameRange     '5.2.1',
28 silly addNameRange     '5.2.2',
28 silly addNameRange     '5.2.3',
28 silly addNameRange     '5.3.0',
28 silly addNameRange     '5.3.1',
28 silly addNameRange     '5.3.2',
28 silly addNameRange     '5.3.3',
28 silly addNameRange     '6.0.0',
28 silly addNameRange     '6.0.1',
28 silly addNameRange     '6.0.2',
28 silly addNameRange     '6.0.3',
28 silly addNameRange     '6.0.4',
28 silly addNameRange     '6.0.5',
28 silly addNameRange     '6.1.0',
28 silly addNameRange     '6.1.1',
28 silly addNameRange     '6.2.0',
28 silly addNameRange     '6.2.1',
28 silly addNameRange     '6.2.2',
28 silly addNameRange     '6.2.3',
28 silly addNameRange     '6.2.4',
28 silly addNameRange     '6.2.5',
28 silly addNameRange     '6.2.6',
28 silly addNameRange     '6.3.0',
28 silly addNameRange     '6.3.1',
28 silly addNameRange     '6.3.2',
28 silly addNameRange     '6.4.0',
28 silly addNameRange     '6.4.1',
28 silly addNameRange     '7.0.0',
28 silly addNameRange     '7.0.1',
28 silly addNameRange     '7.0.2',
28 silly addNameRange     '7.1.0',
28 silly addNameRange     '7.1.1',
28 silly addNameRange     '7.2.0',
28 silly addNameRange     '7.2.1',
28 silly addNameRange     '7.2.2',
28 silly addNameRange     '7.2.3',
28 silly addNameRange     '7.2.4',
28 silly addNameRange     '8.0.0-beta.1',
28 silly addNameRange     '7.3.0',
28 silly addNameRange     '8.0.0-beta.2',
28 silly addNameRange     '8.0.0-beta.3',
28 silly addNameRange     '8.0.0-beta.4',
28 silly addNameRange     '8.0.0-beta.5',
28 silly addNameRange     '8.0.0-beta.6',
28 silly addNameRange     '8.0.0-beta.7',
28 silly addNameRange     '8.0.0-beta.8',
28 silly addNameRange     '7.3.1',
28 silly addNameRange     '7.4.0',
28 silly addNameRange     '8.0.0-beta.9',
28 silly addNameRange     '8.0.0-beta.10',
28 silly addNameRange     '8.0.0-beta.11',
28 silly addNameRange     '8.0.0',
28 silly addNameRange     '8.0.1',
28 silly addNameRange     '8.0.2',
28 silly addNameRange     '8.1.0',
28 silly addNameRange     '8.2.0',
28 silly addNameRange     '8.2.1',
28 silly addNameRange     '8.2.2',
28 silly addNameRange     '8.2.3',
28 silly addNameRange     '8.2.4',
28 silly addNameRange     '8.2.5',
28 silly addNameRange     '8.3.0',
28 silly addNameRange     '8.3.1',
28 silly addNameRange     '8.3.2',
28 silly addNameRange     '8.3.3',
28 silly addNameRange     '8.3.4',
28 silly addNameRange     '8.3.5',
28 silly addNameRange     '8.3.6',
28 silly addNameRange     '8.3.7',
28 silly addNameRange     '8.3.8',
28 silly addNameRange     '9.0.0-canary.1',
28 silly addNameRange     '8.3.9',
28 silly addNameRange     '8.3.10',
28 silly addNameRange     '9.0.0-canary.2',
28 silly addNameRange     '9.0.0-canary.3',
28 silly addNameRange     '9.0.0-canary.4',
28 silly addNameRange     '9.0.0-canary.5',
28 silly addNameRange     '8.3.11',
28 silly addNameRange     '9.0.0-canary.6',
28 silly addNameRange     '9.0.0-canary.7',
28 silly addNameRange     '8.3.12',
28 silly addNameRange     '8.4.0',
28 silly addNameRange     '9.0.0-canary.8',
28 silly addNameRange     '9.0.0-canary.9',
28 silly addNameRange     '9.0.0-canary.10',
28 silly addNameRange     '9.0.0-canary.11',
28 silly addNameRange     '9.0.0-canary.12',
28 silly addNameRange     '9.0.0-canary.13',
28 silly addNameRange     '8.5.0',
28 silly addNameRange     '8.5.1',
28 silly addNameRange     '9.0.0-canary.14',
28 silly addNameRange     '8.5.2',
28 silly addNameRange     '9.0.0-canary.15',
28 silly addNameRange     '9.0.0-canary.16',
28 silly addNameRange     '9.0.0',
28 silly addNameRange     '9.0.0-canary.17',
28 silly addNameRange     '8.5.3',
28 silly addNameRange     '8.5.4',
28 silly addNameRange     '9.0.0-canary.18',
28 silly addNameRange     '9.0.0-canary.19',
28 silly addNameRange     '9.0.0-canary.20',
28 silly addNameRange     '9.0.0-canary.21',
28 silly addNameRange     '9.0.0-canary.22',
28 silly addNameRange     '9.0.0-canary.23',
28 silly addNameRange     '9.0.0-canary.24',
28 silly addNameRange     '9.0.0-canary.25',
28 silly addNameRange     '9.0.1',
28 silly addNameRange     '10.0.0-canary.1',
28 silly addNameRange     '10.0.0-canary.2',
28 silly addNameRange     '10.0.0-canary.3',
28 silly addNameRange     '10.0.0-canary.4',
28 silly addNameRange     '10.0.0-canary.5',
28 silly addNameRange     '10.0.0-canary.6',
28 silly addNameRange     '10.0.0-canary.7',
28 silly addNameRange     '9.1.0',
28 silly addNameRange     '10.0.0-canary.8',
28 silly addNameRange     '9.2.0',
28 silly addNameRange     '10.0.0-canary.9',
28 silly addNameRange     '9.2.1',
28 silly addNameRange     '10.0.0-canary.10',
28 silly addNameRange     '9.2.2',
28 silly addNameRange     '9.2.3',
28 silly addNameRange     '10.0.0-canary.11',
28 silly addNameRange     '9.2.4',
28 silly addNameRange     '10.0.0-canary.12',
28 silly addNameRange     '10.0.0-canary.13',
28 silly addNameRange     '9.2.5',
28 silly addNameRange     '10.0.0-canary.14',
28 silly addNameRange     '9.2.6',
28 silly addNameRange     '10.0.0-canary.15',
28 silly addNameRange     '9.2.7',
28 silly addNameRange     '10.0.0-canary.16',
28 silly addNameRange     '10.0.0-canary.17',
28 silly addNameRange     '9.2.8',
28 silly addNameRange     '10.0.0-canary.18',
28 silly addNameRange     '9.2.9',
28 silly addNameRange     '10.0.0-canary.19',
28 silly addNameRange     '9.2.10',
28 silly addNameRange     '10.0.0-canary.20',
28 silly addNameRange     '10.0.0-canary.21',
28 silly addNameRange     '9.3.0',
28 silly addNameRange     '10.0.0-canary.22',
28 silly addNameRange     '9.3.1',
28 silly addNameRange     '10.0.0-canary.23',
28 silly addNameRange     '9.3.2',
28 silly addNameRange     '10.0.0-canary.24',
28 silly addNameRange     '10.0.0-canary.25',
28 silly addNameRange     '9.3.3',
28 silly addNameRange     '10.0.0-canary.26',
28 silly addNameRange     '10.0.0-canary.27',
28 silly addNameRange     '10.0.0-canary.28',
28 silly addNameRange     '10.0.0-canary.29',
28 silly addNameRange     '10.0.0-canary.30',
28 silly addNameRange     '10.0.0',
28 silly addNameRange     '11.0.0-canary.1',
28 silly addNameRange     '10.0.1',
28 silly addNameRange     '11.0.0-canary.2',
28 silly addNameRange     '10.0.2',
28 silly addNameRange     '11.0.0-canary.3',
28 silly addNameRange     '10.0.3',
28 silly addNameRange     '11.0.0-canary.4',
28 silly addNameRange     '11.0.0-canary.5',
28 silly addNameRange     '11.0.0-canary.7',
28 silly addNameRange     '11.0.0-canary.9',
28 silly addNameRange     '11.0.0-canary.10',
28 silly addNameRange     '11.0.0-canary.11',
28 silly addNameRange     '11.0.0-canary.15',
28 silly addNameRange     '11.0.0-canary.18',
28 silly addNameRange     '11.0.0-canary.19',
28 silly addNameRange     '11.0.0-canary.20',
28 silly addNameRange     '10.1.0',
28 silly addNameRange     '11.0.0-canary.21',
28 silly addNameRange     '10.1.1',
28 silly addNameRange     '11.0.0-canary.22',
28 silly addNameRange     '10.1.2',
28 silly addNameRange     '10.1.3',
28 silly addNameRange     '11.0.0-canary.24',
28 silly addNameRange     '10.1.4',
28 silly addNameRange     '11.0.0-canary.25',
28 silly addNameRange     '10.1.5',
28 silly addNameRange     '11.0.0-canary.26',
28 silly addNameRange     '11.0.0-canary.27',
28 silly addNameRange     '10.1.6',
28 silly addNameRange     '11.0.0-canary.29',
28 silly addNameRange     '11.0.0-canary.30',
28 silly addNameRange     '11.0.0-canary.31',
28 silly addNameRange     '10.2.0',
28 silly addNameRange     '11.0.0-canary.32',
28 silly addNameRange     '10.2.1',
28 silly addNameRange     '11.0.0-canary.33',
28 silly addNameRange     '10.2.2',
28 silly addNameRange     '11.0.0-canary.34',
28 silly addNameRange     '11.0.0',
28 silly addNameRange     '11.0.0-canary.35',
28 silly addNameRange     '11.0.0-canary.36',
28 silly addNameRange     '11.0.1',
28 silly addNameRange     '12.0.0-canary.1',
28 silly addNameRange     '11.0.2',
28 silly addNameRange     '12.0.0-canary.2',
28 silly addNameRange     '11.0.3',
28 silly addNameRange     '12.0.0-canary.3',
28 silly addNameRange     '11.0.4',
28 silly addNameRange     '12.0.0-canary.4',
28 silly addNameRange     '11.0.5',
28 silly addNameRange     '12.0.0-canary.5',
28 silly addNameRange     '11.0.6',
28 silly addNameRange     '12.0.0-canary.6',
28 silly addNameRange     '12.0.0-canary.7',
28 silly addNameRange     '12.0.0-canary.8',
28 silly addNameRange     '12.0.0-canary.9',
28 silly addNameRange     '11.0.7',
28 silly addNameRange     '12.0.0-canary.10',
28 silly addNameRange     '12.0.0-canary.13',
28 silly addNameRange     '11.1.0',
28 silly addNameRange     '12.0.0-canary.14',
28 silly addNameRange     '11.1.1',
28 silly addNameRange     '12.0.0-canary.15',
28 silly addNameRange     '11.1.2',
28 silly addNameRange     '12.0.0-canary.16',
28 silly addNameRange     '11.1.3',
28 silly addNameRange     '12.0.0-canary.17',
28 silly addNameRange     '11.1.4',
28 silly addNameRange     '12.0.0-canary.18',
28 silly addNameRange     '12.0.0-canary.19',
28 silly addNameRange     '12.0.0-canary.20',
28 silly addNameRange     '11.1.5',
28 silly addNameRange     '12.0.0-canary.21',
28 silly addNameRange     '11.1.6',
28 silly addNameRange     '12.0.0-canary.22',
28 silly addNameRange     '12.0.0-canary.23',
28 silly addNameRange     '11.1.7',
28 silly addNameRange     '12.0.0-canary.24',
28 silly addNameRange     '12.0.0-canary.25',
28 silly addNameRange     '12.0.0-canary.26',
28 silly addNameRange     '12.0.0-canary.27',
28 silly addNameRange     '11.1.8',
28 silly addNameRange     '12.0.0-canary.28',
28 silly addNameRange     '11.1.9',
28 silly addNameRange     '12.0.0-canary.29',
28 silly addNameRange     '11.1.10',
28 silly addNameRange     '12.0.0-canary.30',
28 silly addNameRange     '11.1.11',
28 silly addNameRange     '12.0.0-canary.32',
28 silly addNameRange     '12.0.0-canary.33',
28 silly addNameRange     '11.1.12',
28 silly addNameRange     '12.0.0-canary.34',
28 silly addNameRange     '11.1.13',
28 silly addNameRange     '11.1.14',
28 silly addNameRange     '12.0.0-canary.35',
28 silly addNameRange     '12.0.0-canary.36',
28 silly addNameRange     '12.0.0-canary.37',
28 silly addNameRange     '11.1.15',
28 silly addNameRange     '12.0.0-canary.38',
28 silly addNameRange     '12.0.0-canary.39',
28 silly addNameRange     '11.1.16',
28 silly addNameRange     '11.2.0',
28 silly addNameRange     '12.0.0-canary.40',
28 silly addNameRange     '11.2.1',
28 silly addNameRange     '12.0.0-canary.41',
28 silly addNameRange     '11.2.2',
28 silly addNameRange     '12.0.0-canary.42' ] ]
29 verbose addNamed [ 'now', '11.2.2' ]
30 verbose addNamed [ '11.2.2', '11.2.2' ]
31 silly lockFile 7e08e11a-now-11-2-2 now@11.2.2
32 verbose lock now@11.2.2 /home/cabox/.npm/7e08e11a-now-11-2-2.lock
33 silly lockFile 4e70d8dd-try-npmjs-org-now-now-11-2-2-tgz https://registry.npmjs.org/now/-/now-11.2.2.tgz
34 verbose lock https://registry.npmjs.org/now/-/now-11.2.2.tgz /home/cabox/.npm/4e70d8dd-try-npmjs-org-now-now-11-2-2-tgz.lock
35 verbose addRemoteTarball [ 'https://registry.npmjs.org/now/-/now-11.2.2.tgz',
35 verbose addRemoteTarball   'c513fbc6d39cdde72a225d5607e61c211a79575a' ]
36 silly lockFile 4e70d8dd-try-npmjs-org-now-now-11-2-2-tgz https://registry.npmjs.org/now/-/now-11.2.2.tgz
37 silly lockFile 4e70d8dd-try-npmjs-org-now-now-11-2-2-tgz https://registry.npmjs.org/now/-/now-11.2.2.tgz
38 silly lockFile 7e08e11a-now-11-2-2 now@11.2.2
39 silly lockFile 7e08e11a-now-11-2-2 now@11.2.2
40 silly lockFile 1193e862-now now@
41 silly lockFile 1193e862-now now@
42 error Error: EACCES, mkdir '/home/cabox/tmp/npm-731-vW6_ZBiG'
42 error  { [Error: EACCES, mkdir '/home/cabox/tmp/npm-731-vW6_ZBiG']
42 error   errno: 3,
42 error   code: 'EACCES',
42 error   path: '/home/cabox/tmp/npm-731-vW6_ZBiG' }
43 error Please try running this command again as root/Administrator.
44 error System Linux 2.6.32-042stab112.15
45 error command "/usr/bin/nodejs" "/usr/bin/npm" "install" "now"
46 error cwd /home/cabox/workspace/doodle
47 error node -v v0.10.25
48 error npm -v 1.3.10
49 error path /home/cabox/tmp/npm-731-vW6_ZBiG
50 error code EACCES
51 error errno 3
52 error stack Error: EACCES, mkdir '/home/cabox/tmp/npm-731-vW6_ZBiG'
53 verbose exit [ 3, true ]
